<?xml version="1.0" encoding="UTF-8"?>
<!-- Generated by org.testng.reporters.JUnitReportReporter -->
<testsuite skipped="0" hostname="avinash-PC" name="com.homepage.options.Home_Page" tests="2" failures="0" timestamp="07 May 2020 16:11:26 GMT" time="43.938" errors="0">
  <testcase name="titileOfHomepage" time="43.554" classname="com.homepage.options.Home_Page"/>
  <testcase name="displayNavbarmenuItems" time="0.384" classname="com.homepage.options.Home_Page"/>
</testsuite> <!-- com.homepage.options.Home_Page -->
