<?xml version="1.0" encoding="UTF-8"?>
<!-- Generated by org.testng.reporters.JUnitReportReporter -->
<testsuite skipped="0" hostname="avinash-PC" name="com.destinationdetails.tests.Returndate" tests="1" failures="0" timestamp="02 May 2020 11:17:26 GMT" time="33.766" errors="0">
  <testcase name="tc_01" time="33.766" classname="com.destinationdetails.tests.Returndate"/>
</testsuite> <!-- com.destinationdetails.tests.Returndate -->
